<?xml version="1.0" encoding="UTF-8"?>
<!-- Generated by org.testng.reporters.JUnitReportReporter -->
<testsuite skipped="0" hostname="LAPTOP-M2DO8JV9" name="com.Rankpedia.CucumberOptions.TestRunner" tests="2" failures="0" timestamp="04 Jun 2021 08:58:44 GMT" time="7.241" errors="0">
  <testcase name="feature" time="5.685" classname="com.Rankpedia.CucumberOptions.TestRunner"/>
  <testcase name="feature" time="1.556" classname="com.Rankpedia.CucumberOptions.TestRunner"/>
</testsuite> <!-- com.Rankpedia.CucumberOptions.TestRunner -->
