<?xml version="1.0" encoding="UTF-8"?>
<!-- Generated by org.testng.reporters.JUnitReportReporter -->
<testsuite skipped="0" hostname="LAPTOP-M2DO8JV9" name="com.PageSpeed.CucumberOptions.TestRunner" tests="5" failures="0" timestamp="20 May 2021 10:21:27 GMT" time="8.221" errors="0">
  <testcase name="feature" time="0.819" classname="com.PageSpeed.CucumberOptions.TestRunner"/>
  <testcase name="feature" time="4.854" classname="com.PageSpeed.CucumberOptions.TestRunner"/>
  <testcase name="feature" time="1.196" classname="com.PageSpeed.CucumberOptions.TestRunner"/>
  <testcase name="feature" time="0.619" classname="com.PageSpeed.CucumberOptions.TestRunner"/>
  <testcase name="feature" time="0.733" classname="com.PageSpeed.CucumberOptions.TestRunner"/>
</testsuite> <!-- com.PageSpeed.CucumberOptions.TestRunner -->
