<?xml version="1.0" encoding="UTF-8"?>
<!-- Generated by org.testng.reporters.JUnitReportReporter -->
<testsuite skipped="0" hostname="LAPTOP-M2DO8JV9" name="com.PageSpeed.CucumberOptions.TestRunner" tests="1" failures="0" timestamp="31 May 2021 07:58:13 GMT" time="10.035" errors="0">
  <testcase name="feature" time="10.035" classname="com.PageSpeed.CucumberOptions.TestRunner"/>
</testsuite> <!-- com.PageSpeed.CucumberOptions.TestRunner -->
