<?xml version="1.0" encoding="UTF-8"?>
<!-- Generated by org.testng.reporters.JUnitReportReporter -->
<testsuite skipped="0" hostname="LAPTOP-M2DO8JV9" name="com.Rankpedia.CucumberOptions.TestRunner" tests="7" failures="0" timestamp="31 May 2021 17:22:18 GMT" time="9.895" errors="0">
  <testcase name="feature" time="0.655" classname="com.Rankpedia.CucumberOptions.TestRunner"/>
  <testcase name="feature" time="0.726" classname="com.Rankpedia.CucumberOptions.TestRunner"/>
  <testcase name="feature" time="4.520" classname="com.Rankpedia.CucumberOptions.TestRunner"/>
  <testcase name="feature" time="0.589" classname="com.Rankpedia.CucumberOptions.TestRunner"/>
  <testcase name="feature" time="0.515" classname="com.Rankpedia.CucumberOptions.TestRunner"/>
  <testcase name="feature" time="2.360" classname="com.Rankpedia.CucumberOptions.TestRunner"/>
  <testcase name="feature" time="0.530" classname="com.Rankpedia.CucumberOptions.TestRunner"/>
</testsuite> <!-- com.Rankpedia.CucumberOptions.TestRunner -->
