<?xml version="1.0" encoding="UTF-8"?>
<!-- Generated by org.testng.reporters.JUnitReportReporter -->
<testsuite skipped="0" hostname="LAPTOP-M2DO8JV9" name="com.Rankpedia.CucumberOptions.TestRunner" tests="7" failures="0" timestamp="01 Jun 2021 14:20:16 GMT" time="12.575" errors="0">
  <testcase name="feature" time="0.537" classname="com.Rankpedia.CucumberOptions.TestRunner"/>
  <testcase name="feature" time="0.454" classname="com.Rankpedia.CucumberOptions.TestRunner"/>
  <testcase name="feature" time="0.634" classname="com.Rankpedia.CucumberOptions.TestRunner"/>
  <testcase name="feature" time="7.138" classname="com.Rankpedia.CucumberOptions.TestRunner"/>
  <testcase name="feature" time="0.610" classname="com.Rankpedia.CucumberOptions.TestRunner"/>
  <testcase name="feature" time="2.664" classname="com.Rankpedia.CucumberOptions.TestRunner"/>
  <testcase name="feature" time="0.538" classname="com.Rankpedia.CucumberOptions.TestRunner"/>
</testsuite> <!-- com.Rankpedia.CucumberOptions.TestRunner -->
