<?xml version="1.0" encoding="UTF-8"?>
<!-- Generated by org.testng.reporters.JUnitReportReporter -->
<testsuite skipped="0" hostname="LAPTOP-M2DO8JV9" name="com.Rankpedia.CucumberOptions.TestRunner" tests="7" failures="0" timestamp="31 May 2021 17:24:38 GMT" time="11.676" errors="0">
  <testcase name="feature" time="0.553" classname="com.Rankpedia.CucumberOptions.TestRunner"/>
  <testcase name="feature" time="6.267" classname="com.Rankpedia.CucumberOptions.TestRunner"/>
  <testcase name="feature" time="2.680" classname="com.Rankpedia.CucumberOptions.TestRunner"/>
  <testcase name="feature" time="0.506" classname="com.Rankpedia.CucumberOptions.TestRunner"/>
  <testcase name="feature" time="0.586" classname="com.Rankpedia.CucumberOptions.TestRunner"/>
  <testcase name="feature" time="0.533" classname="com.Rankpedia.CucumberOptions.TestRunner"/>
  <testcase name="feature" time="0.551" classname="com.Rankpedia.CucumberOptions.TestRunner"/>
</testsuite> <!-- com.Rankpedia.CucumberOptions.TestRunner -->
